2023.02.06 22:05:04 INFO  tracing is disabled for protocol LSP, to enable tracing of incoming and outgoing JSON messages create an empty file at /workspaces/scala-lab-BBecker8/.metals/lsp.trace.json or /root/.cache/metals/lsp.trace.json
2023.02.06 22:05:06 INFO  logging to file /workspaces/scala-lab-BBecker8/.metals/metals.log
2023.02.06 22:05:06 INFO  Started: Metals version 0.11.10 in workspace '/workspaces/scala-lab-BBecker8' for client Visual Studio Code 1.75.0.
SLF4J: No SLF4J providers were found.
SLF4J: Defaulting to no-operation (NOP) logger implementation
SLF4J: See https://www.slf4j.org/codes.html#noProviders for further details.
SLF4J: Class path contains SLF4J bindings targeting slf4j-api versions 1.7.x or earlier.
SLF4J: Ignoring binding found at [jar:file:/home/sbtuser/.cache/coursier/v1/https/repo1.maven.org/maven2/com/outr/scribe-slf4j_2.13/3.10.5/scribe-slf4j_2.13-3.10.5.jar!/org/slf4j/impl/StaticLoggerBinder.class]
SLF4J: See https://www.slf4j.org/codes.html#ignoredBindings for an explanation.
2023.02.06 22:05:12 INFO  time: initialize in 5.84s
2023.02.06 22:05:19 WARN  Build server is not auto-connectable.
2023.02.06 22:05:35 INFO  running '/opt/java/openjdk/bin/java -Djline.terminal=jline.UnsupportedTerminal -Dsbt.log.noformat=true -Dfile.encoding=UTF-8 -Dsbt.version=1.8.0 -jar /tmp/metals2946492383736649255/sbt-launch.jar -Dbloop.export-jar-classifiers=sources bloopInstall'
2023.02.06 22:05:35 WARN  no build target for: /workspaces/scala-lab-BBecker8/project/project/metals.sbt
2023.02.06 22:05:35 WARN  no build target for: /workspaces/scala-lab-BBecker8/project/metals.sbt
2023.02.06 22:05:35 INFO  skipping build import with status 'Started'
2023.02.06 22:05:36 ERROR [info] [launcher] getting org.scala-sbt sbt 1.8.0  (this may take some time)...
2023.02.06 22:05:41 INFO  user cancelled sbt bloopInstall
2023.02.06 22:05:41 INFO  time: ran 'sbt bloopInstall' in 5.75s
2023.02.06 22:05:42 INFO  no build target found for /workspaces/scala-lab-BBecker8/project/metals.sbt. Using presentation compiler with project's scala-library version: 3.2.1
2023.02.06 22:08:18 WARN  no build target for: /workspaces/scala-lab-BBecker8/src/main/scala/lab/00_Factorial.scala
Feb 06, 2023 10:08:18 PM org.eclipse.lsp4j.jsonrpc.RemoteEndpoint handleCancellation
WARNING: Unmatched cancel notification for request id 3
2023.02.06 22:08:24 WARN  no build target for: /workspaces/scala-lab-BBecker8/src/main/scala/lab/00_Factorial.scala
2023.02.06 22:08:28 WARN  no build target for: /workspaces/scala-lab-BBecker8/src/main/scala/lab/00_Factorial.scala
2023.02.06 22:08:58 WARN  no build target for: /workspaces/scala-lab-BBecker8/src/main/scala/lab/00_Factorial.scala
2023.02.06 22:09:00 WARN  no build target for: /workspaces/scala-lab-BBecker8/src/main/scala/lab/00_Factorial.scala
2023.02.06 22:09:04 WARN  no build target for: /workspaces/scala-lab-BBecker8/src/main/scala/lab/00_Factorial.scala
2023.02.06 22:09:07 WARN  no build target for: /workspaces/scala-lab-BBecker8/src/main/scala/lab/00_Factorial.scala
2023.02.06 22:09:09 WARN  no build target for: /workspaces/scala-lab-BBecker8/src/main/scala/lab/00_Factorial.scala
2023.02.06 22:09:14 WARN  no build target for: /workspaces/scala-lab-BBecker8/src/main/scala/lab/00_Factorial.scala
2023.02.06 22:09:19 WARN  no build target for: /workspaces/scala-lab-BBecker8/src/main/scala/lab/00_Factorial.scala
2023.02.06 22:09:28 WARN  no build target for: /workspaces/scala-lab-BBecker8/src/main/scala/lab/00_Factorial.scala
2023.02.06 22:09:39 WARN  no build target for: /workspaces/scala-lab-BBecker8/src/main/scala/lab/00_Factorial.scala
Feb 06, 2023 10:10:04 PM org.eclipse.lsp4j.jsonrpc.RemoteEndpoint handleCancellation
WARNING: Unmatched cancel notification for request id 144
Feb 06, 2023 10:10:20 PM org.eclipse.lsp4j.jsonrpc.RemoteEndpoint handleCancellation
WARNING: Unmatched cancel notification for request id 151
2023.02.06 22:10:37 WARN  no build target for: /workspaces/scala-lab-BBecker8/src/main/scala/lab/00_Factorial.scala
2023.02.06 22:10:49 WARN  no build target for: /workspaces/scala-lab-BBecker8/src/main/scala/lab/00_Factorial.scala
2023.02.06 22:11:39 WARN  no build target for: /workspaces/scala-lab-BBecker8/src/test/scala/lab/00_FactorialSpec.scala
2023.02.06 22:13:21 WARN  no build target for: /workspaces/scala-lab-BBecker8/src/test/scala/lab/00_FactorialSpec.scala
2023.02.06 22:14:57 WARN  no build target for: /workspaces/scala-lab-BBecker8/src/main/scala/lab/00_Factorial.scala
2023.02.06 22:14:59 WARN  no build target for: /workspaces/scala-lab-BBecker8/src/main/scala/lab/00_Factorial.scala
2023.02.06 22:15:03 WARN  no build target for: /workspaces/scala-lab-BBecker8/src/main/scala/lab/00_Factorial.scala
2023.02.06 22:15:07 WARN  no build target for: /workspaces/scala-lab-BBecker8/src/main/scala/lab/00_Factorial.scala
2023.02.06 22:15:14 WARN  no build target for: /workspaces/scala-lab-BBecker8/src/main/scala/lab/00_Factorial.scala
2023.02.06 22:15:17 WARN  no build target for: /workspaces/scala-lab-BBecker8/src/main/scala/lab/00_Factorial.scala
2023.02.06 22:15:20 WARN  no build target for: /workspaces/scala-lab-BBecker8/src/main/scala/lab/00_Factorial.scala
2023.02.06 22:15:40 WARN  no build target for: /workspaces/scala-lab-BBecker8/src/main/scala/lab/00_Factorial.scala
2023.02.06 22:15:41 WARN  no build target for: /workspaces/scala-lab-BBecker8/src/main/scala/lab/00_Factorial.scala
2023.02.06 22:15:46 WARN  no build target for: /workspaces/scala-lab-BBecker8/src/main/scala/lab/00_Factorial.scala
2023.02.06 22:15:49 WARN  no build target for: /workspaces/scala-lab-BBecker8/src/main/scala/lab/00_Factorial.scala
2023.02.06 22:16:12 WARN  no build target for: /workspaces/scala-lab-BBecker8/src/main/scala/lab/00_Factorial.scala
2023.02.06 22:16:21 WARN  no build target for: /workspaces/scala-lab-BBecker8/src/main/scala/lab/00_Factorial.scala
2023.02.06 22:17:12 WARN  no build target for: /workspaces/scala-lab-BBecker8/src/main/scala/lab/00_Factorial.scala
2023.02.06 22:17:15 WARN  no build target for: /workspaces/scala-lab-BBecker8/src/main/scala/lab/00_Factorial.scala
Feb 06, 2023 10:18:23 PM org.eclipse.lsp4j.jsonrpc.RemoteEndpoint handleCancellation
WARNING: Unmatched cancel notification for request id 371
2023.02.06 22:22:18 WARN  no build target for: /workspaces/scala-lab-BBecker8/src/main/scala/lab/00_Factorial.scala
2023.02.06 22:22:24 WARN  no build target for: /workspaces/scala-lab-BBecker8/src/main/scala/lab/00_Factorial.scala
2023.02.06 22:22:26 WARN  no build target for: /workspaces/scala-lab-BBecker8/src/main/scala/lab/00_Factorial.scala
2023.02.06 22:22:31 WARN  no build target for: /workspaces/scala-lab-BBecker8/src/main/scala/lab/00_Factorial.scala
2023.02.06 22:22:33 WARN  no build target for: /workspaces/scala-lab-BBecker8/src/main/scala/lab/00_Factorial.scala
2023.02.06 22:22:36 WARN  no build target for: /workspaces/scala-lab-BBecker8/src/main/scala/lab/00_Factorial.scala
2023.02.06 22:22:38 WARN  no build target for: /workspaces/scala-lab-BBecker8/src/main/scala/lab/00_Factorial.scala
2023.02.06 22:22:40 WARN  no build target for: /workspaces/scala-lab-BBecker8/src/main/scala/lab/00_Factorial.scala
2023.02.06 22:22:43 WARN  no build target for: /workspaces/scala-lab-BBecker8/src/main/scala/lab/00_Factorial.scala
2023.02.06 22:22:55 WARN  no build target for: /workspaces/scala-lab-BBecker8/src/main/scala/lab/01_Fibonacci.scala
2023.02.06 22:23:40 WARN  no build target for: /workspaces/scala-lab-BBecker8/src/main/scala/lab/01_Fibonacci.scala
2023.02.06 22:23:44 WARN  no build target for: /workspaces/scala-lab-BBecker8/src/main/scala/lab/01_Fibonacci.scala
2023.02.06 22:23:46 WARN  no build target for: /workspaces/scala-lab-BBecker8/src/main/scala/lab/01_Fibonacci.scala
2023.02.06 22:23:48 WARN  no build target for: /workspaces/scala-lab-BBecker8/src/main/scala/lab/01_Fibonacci.scala
2023.02.06 22:23:52 WARN  no build target for: /workspaces/scala-lab-BBecker8/src/main/scala/lab/01_Fibonacci.scala
2023.02.06 22:23:55 WARN  no build target for: /workspaces/scala-lab-BBecker8/src/main/scala/lab/01_Fibonacci.scala
2023.02.06 22:24:00 WARN  no build target for: /workspaces/scala-lab-BBecker8/src/main/scala/lab/01_Fibonacci.scala
2023.02.06 22:24:29 WARN  no build target for: /workspaces/scala-lab-BBecker8/src/main/scala/lab/01_Fibonacci.scala
Feb 06, 2023 10:24:34 PM org.eclipse.lsp4j.jsonrpc.RemoteEndpoint handleCancellation
WARNING: Unmatched cancel notification for request id 613
2023.02.06 22:24:35 WARN  no build target for: /workspaces/scala-lab-BBecker8/src/main/scala/lab/01_Fibonacci.scala
2023.02.06 22:24:39 WARN  no build target for: /workspaces/scala-lab-BBecker8/src/main/scala/lab/01_Fibonacci.scala
2023.02.06 22:24:48 WARN  no build target for: /workspaces/scala-lab-BBecker8/src/main/scala/lab/01_Fibonacci.scala
2023.02.06 22:25:24 WARN  no build target for: /workspaces/scala-lab-BBecker8/src/main/scala/lab/02_Exponent.scala
2023.02.06 22:26:27 WARN  no build target for: /workspaces/scala-lab-BBecker8/src/main/scala/lab/02_Exponent.scala
2023.02.06 22:26:28 WARN  no build target for: /workspaces/scala-lab-BBecker8/src/main/scala/lab/02_Exponent.scala
2023.02.06 22:26:40 WARN  no build target for: /workspaces/scala-lab-BBecker8/src/main/scala/lab/02_Exponent.scala
2023.02.06 22:26:46 WARN  no build target for: /workspaces/scala-lab-BBecker8/src/main/scala/lab/02_Exponent.scala
2023.02.06 22:26:51 WARN  no build target for: /workspaces/scala-lab-BBecker8/src/main/scala/lab/02_Exponent.scala
2023.02.06 22:26:55 WARN  no build target for: /workspaces/scala-lab-BBecker8/src/main/scala/lab/02_Exponent.scala
2023.02.06 22:26:57 WARN  no build target for: /workspaces/scala-lab-BBecker8/src/main/scala/lab/02_Exponent.scala
2023.02.06 22:27:01 WARN  no build target for: /workspaces/scala-lab-BBecker8/src/main/scala/lab/02_Exponent.scala
2023.02.06 22:27:09 WARN  no build target for: /workspaces/scala-lab-BBecker8/src/main/scala/lab/02_Exponent.scala
2023.02.06 22:27:45 WARN  no build target for: /workspaces/scala-lab-BBecker8/src/main/scala/lab/02_Exponent.scala
2023.02.06 22:27:50 WARN  no build target for: /workspaces/scala-lab-BBecker8/src/main/scala/lab/02_Exponent.scala
2023.02.06 22:27:58 WARN  no build target for: /workspaces/scala-lab-BBecker8/src/main/scala/lab/02_Exponent.scala
Feb 06, 2023 10:28:01 PM org.eclipse.lsp4j.jsonrpc.RemoteEndpoint handleCancellation
WARNING: Unmatched cancel notification for request id 833
2023.02.06 22:28:06 WARN  no build target for: /workspaces/scala-lab-BBecker8/src/main/scala/lab/02_Exponent.scala
2023.02.06 22:28:17 WARN  no build target for: /workspaces/scala-lab-BBecker8/src/main/scala/lab/02_Exponent.scala
2023.02.06 22:28:20 WARN  no build target for: /workspaces/scala-lab-BBecker8/src/main/scala/lab/02_Exponent.scala
2023.02.06 22:28:22 WARN  no build target for: /workspaces/scala-lab-BBecker8/src/main/scala/lab/02_Exponent.scala
2023.02.06 22:28:27 WARN  no build target for: /workspaces/scala-lab-BBecker8/src/main/scala/lab/02_Exponent.scala
2023.02.06 22:28:37 WARN  no build target for: /workspaces/scala-lab-BBecker8/src/main/scala/lab/02_Exponent.scala
2023.02.06 22:28:39 WARN  no build target for: /workspaces/scala-lab-BBecker8/src/main/scala/lab/02_Exponent.scala
2023.02.06 22:28:41 WARN  no build target for: /workspaces/scala-lab-BBecker8/src/main/scala/lab/02_Exponent.scala
Feb 06, 2023 10:28:47 PM org.eclipse.lsp4j.jsonrpc.RemoteEndpoint handleCancellation
WARNING: Unmatched cancel notification for request id 922
2023.02.06 22:28:50 WARN  no build target for: /workspaces/scala-lab-BBecker8/src/main/scala/lab/02_Exponent.scala
2023.02.06 22:28:52 WARN  no build target for: /workspaces/scala-lab-BBecker8/src/main/scala/lab/02_Exponent.scala
2023.02.06 22:28:55 WARN  no build target for: /workspaces/scala-lab-BBecker8/src/main/scala/lab/02_Exponent.scala
2023.02.06 22:29:17 WARN  no build target for: /workspaces/scala-lab-BBecker8/src/main/scala/lab/02_Exponent.scala
2023.02.06 22:29:19 WARN  no build target for: /workspaces/scala-lab-BBecker8/src/main/scala/lab/02_Exponent.scala
2023.02.06 22:29:31 WARN  no build target for: /workspaces/scala-lab-BBecker8/src/main/scala/lab/03_Palindrome.scala
Feb 06, 2023 10:29:51 PM org.eclipse.lsp4j.jsonrpc.services.GenericEndpoint notify
INFO: Unsupported notification method: $/setTrace
2023.02.06 22:38:58 WARN  no build target for: /workspaces/scala-lab-BBecker8/src/main/scala/lab/03_Palindrome.scala
2023.02.06 22:39:01 WARN  no build target for: /workspaces/scala-lab-BBecker8/src/main/scala/lab/03_Palindrome.scala
2023.02.06 22:39:16 WARN  no build target for: /workspaces/scala-lab-BBecker8/src/main/scala/lab/03_Palindrome.scala
Feb 06, 2023 10:39:17 PM org.eclipse.lsp4j.jsonrpc.RemoteEndpoint handleCancellation
WARNING: Unmatched cancel notification for request id 1035
2023.02.06 22:39:20 WARN  no build target for: /workspaces/scala-lab-BBecker8/src/main/scala/lab/03_Palindrome.scala
2023.02.06 22:39:28 WARN  no build target for: /workspaces/scala-lab-BBecker8/src/main/scala/lab/03_Palindrome.scala
2023.02.06 22:39:30 WARN  no build target for: /workspaces/scala-lab-BBecker8/src/main/scala/lab/03_Palindrome.scala
2023.02.06 22:39:33 WARN  no build target for: /workspaces/scala-lab-BBecker8/src/main/scala/lab/03_Palindrome.scala
2023.02.06 22:39:35 WARN  no build target for: /workspaces/scala-lab-BBecker8/src/main/scala/lab/03_Palindrome.scala
2023.02.06 22:39:41 WARN  no build target for: /workspaces/scala-lab-BBecker8/src/main/scala/lab/03_Palindrome.scala
2023.02.06 22:39:45 WARN  no build target for: /workspaces/scala-lab-BBecker8/src/main/scala/lab/03_Palindrome.scala
Feb 06, 2023 10:39:49 PM org.eclipse.lsp4j.jsonrpc.RemoteEndpoint handleCancellation
WARNING: Unmatched cancel notification for request id 1156
2023.02.06 22:39:50 WARN  no build target for: /workspaces/scala-lab-BBecker8/src/main/scala/lab/03_Palindrome.scala
2023.02.06 22:39:55 WARN  no build target for: /workspaces/scala-lab-BBecker8/src/main/scala/lab/03_Palindrome.scala
2023.02.06 22:39:56 WARN  no build target for: /workspaces/scala-lab-BBecker8/src/main/scala/lab/03_Palindrome.scala
2023.02.06 22:40:03 WARN  no build target for: /workspaces/scala-lab-BBecker8/src/main/scala/lab/03_Palindrome.scala
2023.02.06 22:40:09 WARN  no build target for: /workspaces/scala-lab-BBecker8/src/main/scala/lab/03_Palindrome.scala
2023.02.06 22:40:15 WARN  no build target for: /workspaces/scala-lab-BBecker8/src/main/scala/lab/03_Palindrome.scala
2023.02.06 22:40:16 WARN  no build target for: /workspaces/scala-lab-BBecker8/src/main/scala/lab/03_Palindrome.scala
2023.02.06 22:40:24 WARN  no build target for: /workspaces/scala-lab-BBecker8/src/main/scala/lab/03_Palindrome.scala
2023.02.06 22:40:30 WARN  no build target for: /workspaces/scala-lab-BBecker8/src/main/scala/lab/03_Palindrome.scala
2023.02.06 22:40:33 WARN  no build target for: /workspaces/scala-lab-BBecker8/src/main/scala/lab/03_Palindrome.scala
Feb 06, 2023 10:40:41 PM org.eclipse.lsp4j.jsonrpc.RemoteEndpoint handleCancellation
WARNING: Unmatched cancel notification for request id 1261
2023.02.06 22:40:44 WARN  no build target for: /workspaces/scala-lab-BBecker8/src/main/scala/lab/03_Palindrome.scala
2023.02.06 22:40:46 WARN  no build target for: /workspaces/scala-lab-BBecker8/src/main/scala/lab/03_Palindrome.scala
2023.02.06 22:40:54 WARN  no build target for: /workspaces/scala-lab-BBecker8/src/main/scala/lab/03_Palindrome.scala
2023.02.06 22:40:55 WARN  no build target for: /workspaces/scala-lab-BBecker8/src/main/scala/lab/03_Palindrome.scala
2023.02.06 22:40:57 WARN  no build target for: /workspaces/scala-lab-BBecker8/src/main/scala/lab/03_Palindrome.scala
2023.02.06 22:41:03 WARN  no build target for: /workspaces/scala-lab-BBecker8/src/main/scala/lab/03_Palindrome.scala
2023.02.06 22:41:09 WARN  no build target for: /workspaces/scala-lab-BBecker8/src/main/scala/lab/03_Palindrome.scala
2023.02.06 22:41:11 WARN  no build target for: /workspaces/scala-lab-BBecker8/src/main/scala/lab/03_Palindrome.scala
2023.02.06 22:41:18 WARN  no build target for: /workspaces/scala-lab-BBecker8/src/main/scala/lab/03_Palindrome.scala
2023.02.06 22:41:27 WARN  no build target for: /workspaces/scala-lab-BBecker8/src/main/scala/lab/03_Palindrome.scala
2023.02.06 22:41:30 WARN  no build target for: /workspaces/scala-lab-BBecker8/src/main/scala/lab/03_Palindrome.scala
Feb 06, 2023 10:41:30 PM org.eclipse.lsp4j.jsonrpc.RemoteEndpoint handleCancellation
WARNING: Unmatched cancel notification for request id 1380
2023.02.06 22:41:32 WARN  no build target for: /workspaces/scala-lab-BBecker8/src/main/scala/lab/03_Palindrome.scala
Feb 06, 2023 10:48:59 PM org.eclipse.lsp4j.jsonrpc.RemoteEndpoint handleCancellation
WARNING: Unmatched cancel notification for request id 1398
Feb 06, 2023 10:49:02 PM org.eclipse.lsp4j.jsonrpc.RemoteEndpoint handleCancellation
WARNING: Unmatched cancel notification for request id 1416
2023.02.06 22:49:06 WARN  no build target for: /workspaces/scala-lab-BBecker8/src/main/scala/lab/03_Palindrome.scala
2023.02.06 22:49:11 WARN  no build target for: /workspaces/scala-lab-BBecker8/src/main/scala/lab/03_Palindrome.scala
Feb 06, 2023 10:49:20 PM org.eclipse.lsp4j.jsonrpc.RemoteEndpoint handleCancellation
WARNING: Unmatched cancel notification for request id 1448
2023.02.06 22:49:23 WARN  no build target for: /workspaces/scala-lab-BBecker8/src/main/scala/lab/03_Palindrome.scala
2023.02.06 22:49:28 WARN  no build target for: /workspaces/scala-lab-BBecker8/src/main/scala/lab/03_Palindrome.scala
2023.02.06 22:50:02 WARN  no build target for: /workspaces/scala-lab-BBecker8/src/main/scala/lab/03_Palindrome.scala
Feb 06, 2023 10:50:03 PM org.eclipse.lsp4j.jsonrpc.RemoteEndpoint handleCancellation
WARNING: Unmatched cancel notification for request id 1485
2023.02.06 22:50:08 WARN  no build target for: /workspaces/scala-lab-BBecker8/src/main/scala/lab/03_Palindrome.scala
2023.02.06 22:50:11 WARN  no build target for: /workspaces/scala-lab-BBecker8/src/main/scala/lab/03_Palindrome.scala
2023.02.06 22:50:52 WARN  no build target for: /workspaces/scala-lab-BBecker8/src/main/scala/lab/03_Palindrome.scala
2023.02.06 22:50:55 WARN  no build target for: /workspaces/scala-lab-BBecker8/src/main/scala/lab/03_Palindrome.scala
2023.02.06 22:50:57 WARN  no build target for: /workspaces/scala-lab-BBecker8/src/main/scala/lab/03_Palindrome.scala
2023.02.06 22:51:01 WARN  no build target for: /workspaces/scala-lab-BBecker8/src/main/scala/lab/03_Palindrome.scala
2023.02.06 22:51:05 WARN  no build target for: /workspaces/scala-lab-BBecker8/src/main/scala/lab/03_Palindrome.scala
Feb 06, 2023 10:51:11 PM org.eclipse.lsp4j.jsonrpc.RemoteEndpoint handleCancellation
WARNING: Unmatched cancel notification for request id 1588
2023.02.06 22:51:15 WARN  no build target for: /workspaces/scala-lab-BBecker8/src/main/scala/lab/03_Palindrome.scala
2023.02.06 22:51:17 WARN  no build target for: /workspaces/scala-lab-BBecker8/src/main/scala/lab/03_Palindrome.scala
2023.02.06 22:51:20 WARN  no build target for: /workspaces/scala-lab-BBecker8/src/main/scala/lab/03_Palindrome.scala
2023.02.06 22:52:17 WARN  no build target for: /workspaces/scala-lab-BBecker8/src/main/scala/lab/03_Palindrome.scala
2023.02.06 22:52:20 WARN  no build target for: /workspaces/scala-lab-BBecker8/src/main/scala/lab/03_Palindrome.scala
2023.02.06 22:52:30 WARN  no build target for: /workspaces/scala-lab-BBecker8/src/main/scala/lab/03_Palindrome.scala
2023.02.06 22:52:34 WARN  no build target for: /workspaces/scala-lab-BBecker8/src/main/scala/lab/03_Palindrome.scala
2023.02.06 22:52:39 WARN  no build target for: /workspaces/scala-lab-BBecker8/src/main/scala/lab/03_Palindrome.scala
2023.02.06 22:52:42 WARN  no build target for: /workspaces/scala-lab-BBecker8/src/main/scala/lab/03_Palindrome.scala
2023.02.06 22:52:46 WARN  no build target for: /workspaces/scala-lab-BBecker8/src/main/scala/lab/03_Palindrome.scala
2023.02.06 22:52:56 WARN  no build target for: /workspaces/scala-lab-BBecker8/src/main/scala/lab/03_Palindrome.scala
Feb 06, 2023 10:54:11 PM org.eclipse.lsp4j.jsonrpc.RemoteEndpoint handleCancellation
WARNING: Unmatched cancel notification for request id 1804
Feb 06, 2023 10:54:15 PM org.eclipse.lsp4j.jsonrpc.RemoteEndpoint handleCancellation
WARNING: Unmatched cancel notification for request id 1808
2023.02.06 22:55:24 WARN  no build target for: /workspaces/scala-lab-BBecker8/src/main/scala/lab/03_Palindrome.scala
Feb 06, 2023 10:55:25 PM org.eclipse.lsp4j.jsonrpc.RemoteEndpoint handleCancellation
WARNING: Unmatched cancel notification for request id 1829
2023.02.06 22:55:43 WARN  no build target for: /workspaces/scala-lab-BBecker8/src/main/scala/lab/04_Rainfall.scala
Feb 06, 2023 10:55:58 PM org.eclipse.lsp4j.jsonrpc.RemoteEndpoint handleCancellation
WARNING: Unmatched cancel notification for request id 1847
Feb 06, 2023 10:56:20 PM org.eclipse.lsp4j.jsonrpc.RemoteEndpoint handleCancellation
WARNING: Unmatched cancel notification for request id 1856
2023.02.06 22:58:18 WARN  no build target for: /workspaces/scala-lab-BBecker8/src/main/scala/lab/04_Rainfall.scala
